<?xml version="1.0" encoding="UTF-8"?>
<!-- Generated by org.testng.reporters.JUnitReportReporter -->
<testsuite skipped="0" hostname="NIT-LPT-R117" name="com.qaTest.Logintestcases.LoginPageTest" tests="13" failures="0" timestamp="15 Sep 2019 07:46:34 GMT" time="39.209" errors="0">
  <testcase name="loginPageTitleTest" time="0.287" classname="com.qaTest.Logintestcases.LoginPageTest"/>
  <testcase name="VerifyEmail" time="0.215" classname="com.qaTest.Logintestcases.LoginPageTest"/>
  <testcase name="VerifyNext" time="0.126" classname="com.qaTest.Logintestcases.LoginPageTest"/>
  <testcase name="VerifyPassword" time="3.121" classname="com.qaTest.Logintestcases.LoginPageTest"/>
  <testcase name="VerifyNext2" time="0.215" classname="com.qaTest.Logintestcases.LoginPageTest"/>
  <testcase name="ClickOnCompose" time="18.220" classname="com.qaTest.Logintestcases.LoginPageTest"/>
  <testcase name="VerifyLabel" time="2.244" classname="com.qaTest.Logintestcases.LoginPageTest"/>
  <testcase name="VerifyTypeLabel" time="6.368" classname="com.qaTest.Logintestcases.LoginPageTest"/>
  <testcase name="VerifyRecipient" time="0.222" classname="com.qaTest.Logintestcases.LoginPageTest"/>
  <testcase name="VerifySubject" time="2.185" classname="com.qaTest.Logintestcases.LoginPageTest"/>
  <testcase name="VerifyDiscp" time="0.462" classname="com.qaTest.Logintestcases.LoginPageTest"/>
  <testcase name="VerifyClickSendBtn" time="2.136" classname="com.qaTest.Logintestcases.LoginPageTest"/>
  <testcase name="verifySocialMailBox" time="3.408" classname="com.qaTest.Logintestcases.LoginPageTest"/>
</testsuite> <!-- com.qaTest.Logintestcases.LoginPageTest -->
